Render started Thu May 28 19:42:22 PDT 2026
Downloading Chrome Headless Shell https://www.remotion.dev/chrome-headless-shell
Downloading from: https://storage.googleapis.com/chrome-for-testing-public/149.0.7790.0/mac-arm64/chrome-headless-shell-mac-arm64.zip
Getting Headless Shell - 9.5 Mb/93.5 Mb
Getting Headless Shell - 19.1 Mb/93.5 Mb
Getting Headless Shell - 28.6 Mb/93.5 Mb
Getting Headless Shell - 38.2 Mb/93.5 Mb
Getting Headless Shell - 47.7 Mb/93.5 Mb
Getting Headless Shell - 57.3 Mb/93.5 Mb
Getting Headless Shell - 66.8 Mb/93.5 Mb
Getting Headless Shell - 76.4 Mb/93.5 Mb
Getting Headless Shell - 85.9 Mb/93.5 Mb
Got Headless Shell
Bundling 6%
Bundling 24%
Bundling 38%
Bundling 51%
Bundling 65%
Bundling 70%
Bundling 75%
Bundling 80%
Bundling 85%
Bundling 91%
Bundling 98%
Bundling 100%
Getting composition
⚡️ Cached bundle. Subsequent renders will be faster.
Composition          MarbleAd
Codec                h264
Output               out/marble-ad.mp4
Concurrency          5x
Rendered 0/1050
Rendered 1/1050, time remaining: 6m 43s
Rendered 2/1050, time remaining: 3m 24s
Rendered 3/1050, time remaining: 2m 18s
Rendered 4/1050, time remaining: 1m 50s
Rendered 5/1050, time remaining: 1m 28s
Rendered 6/1050, time remaining: 1m 22s
Rendered 7/1050, time remaining: 1m 12s
Rendered 8/1050, time remaining: 1m 5s
Rendered 9/1050, time remaining: 58s
Rendered 10/1050, time remaining: 54s
Rendered 11/1050, time remaining: 51s
Rendered 12/1050, time remaining: 50s
Rendered 13/1050, time remaining: 48s
Rendered 14/1050, time remaining: 44s
Rendered 15/1050, time remaining: 42s
Rendered 16/1050, time remaining: 42s
Rendered 17/1050, time remaining: 40s
Rendered 18/1050, time remaining: 38s
Rendered 19/1050, time remaining: 38s
Rendered 20/1050, time remaining: 37s
Rendered 21/1050, time remaining: 37s
Rendered 22/1050, time remaining: 36s
Rendered 23/1050, time remaining: 36s
Rendered 24/1050, time remaining: 35s
Rendered 25/1050, time remaining: 35s
Rendered 26/1050, time remaining: 34s
Rendered 27/1050, time remaining: 33s
Rendered 28/1050, time remaining: 33s
Rendered 29/1050, time remaining: 32s
Rendered 30/1050, time remaining: 31s
Rendered 31/1050, time remaining: 31s
Rendered 32/1050, time remaining: 30s
Rendered 33/1050, time remaining: 30s
Rendered 34/1050, time remaining: 30s
Rendered 35/1050, time remaining: 29s
Rendered 36/1050, time remaining: 29s
Rendered 37/1050, time remaining: 29s
Rendered 38/1050, time remaining: 29s
Rendered 39/1050, time remaining: 28s
Rendered 40/1050, time remaining: 28s
Rendered 41/1050, time remaining: 27s
Rendered 42/1050, time remaining: 28s
Rendered 43/1050, time remaining: 27s
Rendered 44/1050, time remaining: 27s
Rendered 45/1050, time remaining: 26s
Rendered 46/1050, time remaining: 26s
Rendered 47/1050, time remaining: 26s
Rendered 48/1050, time remaining: 26s
Rendered 49/1050, time remaining: 26s
Rendered 50/1050, time remaining: 26s
Rendered 51/1050, time remaining: 25s
Rendered 52/1050, time remaining: 25s
Rendered 53/1050, time remaining: 25s
Rendered 54/1050, time remaining: 25s
Rendered 55/1050, time remaining: 24s
Rendered 56/1050, time remaining: 24s
Rendered 57/1050, time remaining: 24s
Rendered 58/1050, time remaining: 24s
Rendered 59/1050, time remaining: 24s
Rendered 60/1050, time remaining: 23s
Rendered 61/1050, time remaining: 23s
Rendered 62/1050, time remaining: 23s
Rendered 63/1050, time remaining: 23s
Rendered 64/1050, time remaining: 23s
Rendered 65/1050, time remaining: 22s
Rendered 66/1050, time remaining: 22s
Rendered 67/1050, time remaining: 22s
Rendered 68/1050, time remaining: 22s
Rendered 69/1050, time remaining: 22s
Rendered 70/1050, time remaining: 22s
Rendered 71/1050, time remaining: 22s
Rendered 72/1050, time remaining: 21s
Rendered 73/1050, time remaining: 21s
Rendered 74/1050, time remaining: 21s
Rendered 75/1050, time remaining: 21s
Rendered 76/1050, time remaining: 21s
Rendered 77/1050, time remaining: 21s
Rendered 78/1050, time remaining: 21s
Rendered 79/1050, time remaining: 21s
Rendered 80/1050, time remaining: 21s
Rendered 81/1050, time remaining: 21s
Rendered 82/1050, time remaining: 20s
Rendered 83/1050, time remaining: 20s
Rendered 84/1050, time remaining: 20s
Rendered 85/1050, time remaining: 20s
Rendered 86/1050, time remaining: 20s
Rendered 87/1050, time remaining: 20s
Rendered 88/1050, time remaining: 20s
Rendered 89/1050, time remaining: 20s
Rendered 90/1050, time remaining: 20s
Rendered 91/1050, time remaining: 20s
Rendered 92/1050, time remaining: 20s
Rendered 93/1050, time remaining: 19s
Rendered 94/1050, time remaining: 20s
Rendered 95/1050, time remaining: 19s
Rendered 96/1050, time remaining: 19s
Rendered 97/1050, time remaining: 19s
Rendered 98/1050, time remaining: 19s
Rendered 99/1050, time remaining: 19s
Rendered 100/1050, time remaining: 19s
Rendered 101/1050, time remaining: 19s
Rendered 102/1050, time remaining: 19s
Rendered 103/1050, time remaining: 19s
Rendered 104/1050, time remaining: 19s
Rendered 105/1050, time remaining: 18s
Rendered 106/1050, time remaining: 19s
Rendered 107/1050, time remaining: 18s
Rendered 108/1050, time remaining: 18s
Rendered 109/1050, time remaining: 18s
Rendered 110/1050, time remaining: 18s
Rendered 111/1050, time remaining: 18s
Rendered 112/1050, time remaining: 18s
Rendered 113/1050, time remaining: 18s
Rendered 114/1050, time remaining: 18s
Rendered 115/1050, time remaining: 18s
Rendered 116/1050, time remaining: 18s
Rendered 117/1050, time remaining: 18s
Rendered 118/1050, time remaining: 18s
Rendered 119/1050, time remaining: 18s
Rendered 120/1050, time remaining: 18s
Rendered 121/1050, time remaining: 18s
Rendered 122/1050, time remaining: 18s
Rendered 123/1050, time remaining: 18s
Rendered 124/1050, time remaining: 18s
Rendered 125/1050, time remaining: 17s
Rendered 126/1050, time remaining: 17s
Rendered 127/1050, time remaining: 17s
Rendered 128/1050, time remaining: 17s
Rendered 129/1050, time remaining: 17s
Rendered 130/1050, time remaining: 17s
Rendered 131/1050, time remaining: 17s
Rendered 132/1050, time remaining: 17s
Rendered 133/1050, time remaining: 17s
Rendered 134/1050, time remaining: 17s
Rendered 135/1050, time remaining: 17s
Rendered 136/1050, time remaining: 17s
Rendered 137/1050, time remaining: 17s
Rendered 138/1050, time remaining: 17s
Rendered 139/1050, time remaining: 17s
Rendered 140/1050, time remaining: 17s
Rendered 141/1050, time remaining: 17s
Rendered 142/1050, time remaining: 17s
Rendered 143/1050, time remaining: 17s
Rendered 144/1050, time remaining: 17s
Rendered 145/1050, time remaining: 17s
Rendered 146/1050, time remaining: 17s
Rendered 147/1050, time remaining: 17s
Rendered 148/1050, time remaining: 17s
Rendered 149/1050, time remaining: 17s
Rendered 150/1050, time remaining: 17s
Rendered 151/1050, time remaining: 14s
Rendered 152/1050, time remaining: 14s
Rendered 153/1050, time remaining: 14s
Rendered 154/1050, time remaining: 14s
Rendered 155/1050, time remaining: 14s
Rendered 156/1050, time remaining: 14s
Rendered 157/1050, time remaining: 14s
Rendered 158/1050, time remaining: 14s
Rendered 159/1050, time remaining: 14s
Rendered 160/1050, time remaining: 14s
Rendered 161/1050, time remaining: 14s
Rendered 162/1050, time remaining: 14s
Rendered 163/1050, time remaining: 14s
Rendered 164/1050, time remaining: 14s
Rendered 165/1050, time remaining: 14s
Rendered 166/1050, time remaining: 14s
Rendered 167/1050, time remaining: 14s
Rendered 168/1050, time remaining: 14s
Rendered 169/1050, time remaining: 14s
Rendered 170/1050, time remaining: 14s
Rendered 171/1050, time remaining: 14s
Rendered 172/1050, time remaining: 14s
Rendered 173/1050, time remaining: 14s
Rendered 174/1050, time remaining: 13s
Rendered 175/1050, time remaining: 13s
Rendered 176/1050, time remaining: 14s
Rendered 177/1050, time remaining: 13s
Rendered 178/1050, time remaining: 14s
Rendered 179/1050, time remaining: 13s
Rendered 180/1050, time remaining: 14s
Rendered 181/1050, time remaining: 13s
Rendered 182/1050, time remaining: 14s
Rendered 183/1050, time remaining: 13s
Rendered 184/1050, time remaining: 13s
Rendered 185/1050, time remaining: 13s
Rendered 186/1050, time remaining: 13s
Rendered 187/1050, time remaining: 13s
Rendered 188/1050, time remaining: 13s
Rendered 189/1050, time remaining: 13s
Rendered 190/1050, time remaining: 13s
Rendered 191/1050, time remaining: 13s
Rendered 192/1050, time remaining: 13s
Rendered 193/1050, time remaining: 13s
Rendered 194/1050, time remaining: 13s
Rendered 195/1050, time remaining: 13s
Rendered 196/1050, time remaining: 13s
Rendered 197/1050, time remaining: 13s
Rendered 198/1050, time remaining: 13s
Rendered 199/1050, time remaining: 13s
Rendered 200/1050, time remaining: 13s
Rendered 201/1050, time remaining: 13s
Rendered 202/1050, time remaining: 13s
Rendered 203/1050, time remaining: 13s
Rendered 204/1050, time remaining: 13s
Rendered 205/1050, time remaining: 13s
Rendered 206/1050, time remaining: 13s
Rendered 207/1050, time remaining: 13s
Rendered 208/1050, time remaining: 13s
Rendered 209/1050, time remaining: 13s
Rendered 210/1050, time remaining: 13s
Rendered 211/1050, time remaining: 13s
Rendered 212/1050, time remaining: 13s
Rendered 213/1050, time remaining: 13s
Rendered 214/1050, time remaining: 13s
Rendered 215/1050, time remaining: 13s
Rendered 216/1050, time remaining: 13s
Rendered 217/1050, time remaining: 13s
Rendered 218/1050, time remaining: 13s
Rendered 219/1050, time remaining: 13s
Rendered 220/1050, time remaining: 13s
Rendered 221/1050, time remaining: 13s
Rendered 222/1050, time remaining: 13s
Rendered 223/1050, time remaining: 13s
Rendered 224/1050, time remaining: 13s
Rendered 225/1050, time remaining: 13s
Rendered 226/1050, time remaining: 13s
Rendered 227/1050, time remaining: 13s
Rendered 228/1050, time remaining: 13s
Rendered 229/1050, time remaining: 13s
Rendered 230/1050, time remaining: 13s
Rendered 231/1050, time remaining: 13s
Rendered 232/1050, time remaining: 13s
Rendered 233/1050, time remaining: 13s
Rendered 234/1050, time remaining: 13s
Rendered 235/1050, time remaining: 13s
Rendered 236/1050, time remaining: 12s
Rendered 237/1050, time remaining: 12s
Rendered 238/1050, time remaining: 13s
Rendered 239/1050, time remaining: 13s
Rendered 240/1050, time remaining: 13s
Rendered 241/1050, time remaining: 12s
Rendered 242/1050, time remaining: 12s
Rendered 243/1050, time remaining: 13s
Rendered 244/1050, time remaining: 12s
Rendered 245/1050, time remaining: 12s
Rendered 246/1050, time remaining: 12s
Rendered 247/1050, time remaining: 12s
Rendered 248/1050, time remaining: 12s
Rendered 249/1050, time remaining: 12s
Rendered 250/1050, time remaining: 12s
Rendered 251/1050, time remaining: 12s
Rendered 252/1050, time remaining: 13s
Rendered 253/1050, time remaining: 13s
Rendered 254/1050, time remaining: 12s
Rendered 255/1050, time remaining: 13s
Rendered 256/1050, time remaining: 13s
Rendered 257/1050, time remaining: 13s
Rendered 258/1050, time remaining: 13s
Rendered 259/1050, time remaining: 13s
Rendered 260/1050, time remaining: 13s
Rendered 261/1050, time remaining: 13s
Rendered 262/1050, time remaining: 13s
Rendered 263/1050, time remaining: 13s
Rendered 264/1050, time remaining: 13s
Rendered 265/1050, time remaining: 13s
Rendered 266/1050, time remaining: 13s
Rendered 267/1050, time remaining: 13s
Rendered 268/1050, time remaining: 13s
Rendered 269/1050, time remaining: 13s
Rendered 270/1050, time remaining: 13s
Rendered 271/1050, time remaining: 13s
Rendered 272/1050, time remaining: 13s
Rendered 273/1050, time remaining: 13s
Rendered 274/1050, time remaining: 13s
Rendered 275/1050, time remaining: 13s
Rendered 276/1050, time remaining: 13s
Rendered 277/1050, time remaining: 13s
Rendered 278/1050, time remaining: 13s
Rendered 279/1050, time remaining: 13s
Rendered 280/1050, time remaining: 13s
Rendered 281/1050, time remaining: 13s
Rendered 282/1050, time remaining: 13s
Rendered 283/1050, time remaining: 13s
Rendered 284/1050, time remaining: 13s
Rendered 285/1050, time remaining: 13s
Rendered 286/1050, time remaining: 12s
Rendered 287/1050, time remaining: 13s
Rendered 288/1050, time remaining: 13s
Rendered 289/1050, time remaining: 12s
Rendered 290/1050, time remaining: 13s
Rendered 291/1050, time remaining: 12s
Rendered 292/1050, time remaining: 12s
Rendered 293/1050, time remaining: 12s
Rendered 294/1050, time remaining: 12s
Rendered 295/1050, time remaining: 12s
Rendered 296/1050, time remaining: 12s
Rendered 297/1050, time remaining: 12s
Rendered 298/1050, time remaining: 12s
Rendered 299/1050, time remaining: 12s
Rendered 300/1050, time remaining: 12s
Rendered 301/1050, time remaining: 12s
Rendered 302/1050, time remaining: 12s
Rendered 303/1050, time remaining: 12s
Rendered 304/1050, time remaining: 12s
Rendered 305/1050, time remaining: 12s
Rendered 306/1050, time remaining: 12s
Rendered 307/1050, time remaining: 12s
Rendered 308/1050, time remaining: 12s
Rendered 309/1050, time remaining: 12s
Rendered 310/1050, time remaining: 12s
Rendered 311/1050, time remaining: 12s
Rendered 312/1050, time remaining: 12s
Rendered 313/1050, time remaining: 12s
Rendered 314/1050, time remaining: 12s
Rendered 315/1050, time remaining: 12s
Rendered 316/1050, time remaining: 12s
Rendered 317/1050, time remaining: 12s
Rendered 318/1050, time remaining: 12s
Rendered 319/1050, time remaining: 12s
Rendered 320/1050, time remaining: 12s
Rendered 321/1050, time remaining: 12s
Rendered 322/1050, time remaining: 12s
Rendered 323/1050, time remaining: 12s
Rendered 324/1050, time remaining: 12s
Rendered 325/1050, time remaining: 12s
Rendered 326/1050, time remaining: 12s
Rendered 327/1050, time remaining: 12s
Rendered 328/1050, time remaining: 12s
Rendered 329/1050, time remaining: 12s
Rendered 330/1050, time remaining: 12s
Rendered 331/1050, time remaining: 12s
Rendered 332/1050, time remaining: 12s
Rendered 333/1050, time remaining: 12s
Rendered 334/1050, time remaining: 11s
Rendered 335/1050, time remaining: 11s
Rendered 336/1050, time remaining: 11s
Rendered 337/1050, time remaining: 11s
Rendered 338/1050, time remaining: 12s
Rendered 339/1050, time remaining: 11s
Rendered 340/1050, time remaining: 11s
Rendered 341/1050, time remaining: 11s
Rendered 342/1050, time remaining: 11s
Rendered 343/1050, time remaining: 11s
Rendered 344/1050, time remaining: 11s
Rendered 345/1050, time remaining: 11s
Rendered 346/1050, time remaining: 11s
Rendered 347/1050, time remaining: 11s
Rendered 348/1050, time remaining: 11s
Rendered 349/1050, time remaining: 11s
Rendered 350/1050, time remaining: 11s
Rendered 351/1050, time remaining: 11s
Rendered 352/1050, time remaining: 11s
Rendered 353/1050, time remaining: 11s
Rendered 354/1050, time remaining: 11s
Rendered 355/1050, time remaining: 11s
Rendered 356/1050, time remaining: 11s
Rendered 357/1050, time remaining: 11s
Rendered 358/1050, time remaining: 11s
Rendered 359/1050, time remaining: 11s
Rendered 360/1050, time remaining: 11s
Rendered 361/1050, time remaining: 11s
Rendered 362/1050, time remaining: 11s
Rendered 363/1050, time remaining: 11s
Rendered 364/1050, time remaining: 11s
Rendered 365/1050, time remaining: 11s
Rendered 366/1050, time remaining: 11s
Rendered 367/1050, time remaining: 11s
Rendered 368/1050, time remaining: 11s
Rendered 369/1050, time remaining: 11s
Rendered 370/1050, time remaining: 11s
Rendered 371/1050, time remaining: 11s
Rendered 372/1050, time remaining: 11s
Rendered 373/1050, time remaining: 11s
Rendered 374/1050, time remaining: 11s
Rendered 375/1050, time remaining: 11s
Rendered 376/1050, time remaining: 11s
Rendered 377/1050, time remaining: 11s
Rendered 378/1050, time remaining: 11s
Rendered 379/1050, time remaining: 11s
Rendered 380/1050, time remaining: 11s
Rendered 381/1050, time remaining: 11s
Rendered 382/1050, time remaining: 11s
Rendered 383/1050, time remaining: 11s
Rendered 384/1050, time remaining: 11s
Rendered 385/1050, time remaining: 11s
Rendered 386/1050, time remaining: 11s
Rendered 387/1050, time remaining: 11s
Rendered 388/1050, time remaining: 11s
Rendered 389/1050, time remaining: 11s
Rendered 390/1050, time remaining: 11s
Rendered 391/1050, time remaining: 11s
Rendered 392/1050, time remaining: 11s
Rendered 393/1050, time remaining: 11s
Rendered 394/1050, time remaining: 11s
Rendered 395/1050, time remaining: 11s
Rendered 396/1050, time remaining: 11s
Rendered 397/1050, time remaining: 11s
Rendered 398/1050, time remaining: 11s
Rendered 399/1050, time remaining: 11s
Rendered 400/1050, time remaining: 11s
Rendered 401/1050, time remaining: 11s
Rendered 402/1050, time remaining: 11s
Rendered 403/1050, time remaining: 11s
Rendered 404/1050, time remaining: 11s
Rendered 405/1050, time remaining: 11s
Rendered 406/1050, time remaining: 11s
Rendered 407/1050, time remaining: 11s
Rendered 408/1050, time remaining: 11s
Rendered 409/1050, time remaining: 11s
Rendered 410/1050, time remaining: 11s
Rendered 411/1050, time remaining: 11s
Rendered 412/1050, time remaining: 11s
Rendered 413/1050, time remaining: 11s
Rendered 414/1050, time remaining: 11s
Rendered 415/1050, time remaining: 11s
Rendered 416/1050, time remaining: 11s
Rendered 417/1050, time remaining: 11s
Rendered 418/1050, time remaining: 11s
Rendered 419/1050, time remaining: 11s
Rendered 420/1050, time remaining: 11s
Rendered 421/1050, time remaining: 11s
Rendered 422/1050, time remaining: 11s
Rendered 423/1050, time remaining: 11s
Rendered 424/1050, time remaining: 11s
Rendered 425/1050, time remaining: 11s
Rendered 426/1050, time remaining: 11s
Rendered 427/1050, time remaining: 11s
Rendered 428/1050, time remaining: 11s
Rendered 429/1050, time remaining: 11s
Rendered 430/1050, time remaining: 11s
Rendered 431/1050, time remaining: 11s
Rendered 432/1050, time remaining: 11s
Rendered 433/1050, time remaining: 11s
Rendered 434/1050, time remaining: 11s
Rendered 435/1050, time remaining: 11s
Rendered 436/1050, time remaining: 11s
Rendered 437/1050, time remaining: 11s
Rendered 438/1050, time remaining: 11s
Rendered 439/1050, time remaining: 11s
Rendered 440/1050, time remaining: 11s
Rendered 441/1050, time remaining: 11s
Rendered 442/1050, time remaining: 10s
Rendered 443/1050, time remaining: 10s
Rendered 444/1050, time remaining: 10s
Rendered 445/1050, time remaining: 10s
Rendered 446/1050, time remaining: 10s
Rendered 447/1050, time remaining: 10s
Rendered 448/1050, time remaining: 10s
Rendered 449/1050, time remaining: 10s
Rendered 450/1050, time remaining: 10s
Rendered 451/1050, time remaining: 10s
Rendered 452/1050, time remaining: 10s
Rendered 453/1050, time remaining: 10s
Rendered 454/1050, time remaining: 10s
Rendered 455/1050, time remaining: 10s
Rendered 456/1050, time remaining: 10s
Rendered 457/1050, time remaining: 10s
Rendered 458/1050, time remaining: 10s
Rendered 459/1050, time remaining: 10s
Rendered 460/1050, time remaining: 10s
Rendered 461/1050, time remaining: 10s
Rendered 462/1050, time remaining: 10s
Rendered 463/1050, time remaining: 10s
Rendered 464/1050, time remaining: 10s
Rendered 465/1050, time remaining: 10s
Rendered 466/1050, time remaining: 10s
Rendered 467/1050, time remaining: 10s
Rendered 468/1050, time remaining: 10s
Rendered 469/1050, time remaining: 10s
Rendered 470/1050, time remaining: 10s
Rendered 471/1050, time remaining: 10s
Rendered 472/1050, time remaining: 10s
Rendered 473/1050, time remaining: 10s
Rendered 474/1050, time remaining: 10s
Rendered 475/1050, time remaining: 10s
Rendered 476/1050, time remaining: 10s
Rendered 477/1050, time remaining: 10s
Rendered 478/1050, time remaining: 10s
Rendered 479/1050, time remaining: 10s
Rendered 480/1050, time remaining: 10s
Rendered 481/1050, time remaining: 10s
Rendered 482/1050, time remaining: 10s
Rendered 483/1050, time remaining: 10s
Rendered 484/1050, time remaining: 10s
Rendered 485/1050, time remaining: 10s
Rendered 486/1050, time remaining: 10s
Rendered 487/1050, time remaining: 10s
Rendered 488/1050, time remaining: 9s
Rendered 489/1050, time remaining: 9s
Rendered 490/1050, time remaining: 9s
Rendered 491/1050, time remaining: 9s
Rendered 492/1050, time remaining: 9s
Rendered 493/1050, time remaining: 9s
Rendered 494/1050, time remaining: 9s
Rendered 495/1050, time remaining: 9s
Rendered 496/1050, time remaining: 9s
Rendered 497/1050, time remaining: 9s
Rendered 498/1050, time remaining: 9s
Rendered 499/1050, time remaining: 9s
Rendered 500/1050, time remaining: 9s
Rendered 501/1050, time remaining: 9s
Rendered 502/1050, time remaining: 9s
Rendered 503/1050, time remaining: 9s
Rendered 504/1050, time remaining: 9s
Rendered 505/1050, time remaining: 9s
Rendered 506/1050, time remaining: 9s
Rendered 507/1050, time remaining: 9s
Rendered 508/1050, time remaining: 9s
Rendered 509/1050, time remaining: 9s
Rendered 510/1050, time remaining: 9s
Rendered 511/1050, time remaining: 9s
Rendered 512/1050, time remaining: 9s
Rendered 513/1050, time remaining: 9s
Rendered 514/1050, time remaining: 9s
Rendered 515/1050, time remaining: 9s
Rendered 516/1050, time remaining: 9s
Rendered 517/1050, time remaining: 9s
Rendered 518/1050, time remaining: 9s
Rendered 519/1050, time remaining: 9s
Rendered 520/1050, time remaining: 8s
Rendered 521/1050, time remaining: 9s
Rendered 522/1050, time remaining: 9s
Rendered 523/1050, time remaining: 9s
Rendered 524/1050, time remaining: 8s
Rendered 525/1050, time remaining: 8s
Rendered 526/1050, time remaining: 8s
Rendered 527/1050, time remaining: 8s
Rendered 528/1050, time remaining: 8s
Rendered 529/1050, time remaining: 8s
Rendered 530/1050, time remaining: 8s
Rendered 531/1050, time remaining: 8s
Rendered 532/1050, time remaining: 8s
Rendered 533/1050, time remaining: 8s
Rendered 534/1050, time remaining: 8s
Rendered 535/1050, time remaining: 8s
Rendered 536/1050, time remaining: 8s
Rendered 537/1050, time remaining: 8s
Rendered 538/1050, time remaining: 8s
Rendered 539/1050, time remaining: 8s
Rendered 540/1050, time remaining: 8s
Rendered 541/1050, time remaining: 8s
Rendered 542/1050, time remaining: 8s
Rendered 543/1050, time remaining: 8s
Rendered 544/1050, time remaining: 8s
Rendered 545/1050, time remaining: 8s
Rendered 546/1050, time remaining: 8s
Rendered 547/1050, time remaining: 8s
Rendered 548/1050, time remaining: 8s
Rendered 549/1050, time remaining: 8s
Rendered 550/1050, time remaining: 8s
Rendered 551/1050, time remaining: 8s
Rendered 552/1050, time remaining: 8s
Rendered 553/1050, time remaining: 8s
Rendered 554/1050, time remaining: 8s
Rendered 555/1050, time remaining: 8s
Rendered 556/1050, time remaining: 8s
Rendered 557/1050, time remaining: 8s
Rendered 558/1050, time remaining: 8s
Rendered 559/1050, time remaining: 8s
Rendered 560/1050, time remaining: 8s
Rendered 561/1050, time remaining: 8s
Rendered 562/1050, time remaining: 7s
Rendered 563/1050, time remaining: 8s
Rendered 564/1050, time remaining: 8s
Rendered 565/1050, time remaining: 7s
Rendered 566/1050, time remaining: 7s
Rendered 567/1050, time remaining: 7s
Rendered 568/1050, time remaining: 7s
Rendered 569/1050, time remaining: 7s
Rendered 570/1050, time remaining: 7s
Rendered 571/1050, time remaining: 7s
Rendered 572/1050, time remaining: 7s
Rendered 573/1050, time remaining: 7s
Rendered 574/1050, time remaining: 7s
Rendered 575/1050, time remaining: 7s
Rendered 576/1050, time remaining: 7s
Rendered 577/1050, time remaining: 7s
Rendered 578/1050, time remaining: 7s
Rendered 579/1050, time remaining: 7s
Rendered 580/1050, time remaining: 7s
Rendered 581/1050, time remaining: 7s
Rendered 582/1050, time remaining: 7s
Rendered 583/1050, time remaining: 7s
Rendered 584/1050, time remaining: 7s
Rendered 585/1050, time remaining: 7s
Rendered 586/1050, time remaining: 7s
Rendered 587/1050, time remaining: 7s
Rendered 588/1050, time remaining: 7s
Rendered 589/1050, time remaining: 7s
Rendered 590/1050, time remaining: 7s
Rendered 591/1050, time remaining: 7s
Rendered 592/1050, time remaining: 7s
Rendered 593/1050, time remaining: 7s
Rendered 594/1050, time remaining: 7s
Rendered 595/1050, time remaining: 7s
Rendered 596/1050, time remaining: 7s
Rendered 597/1050, time remaining: 7s
Rendered 598/1050, time remaining: 6s
Rendered 599/1050, time remaining: 6s
Rendered 600/1050, time remaining: 6s
Rendered 601/1050, time remaining: 6s
Rendered 602/1050, time remaining: 7s
Rendered 603/1050, time remaining: 6s
Rendered 604/1050, time remaining: 6s
Rendered 605/1050, time remaining: 6s
Rendered 606/1050, time remaining: 6s
Rendered 607/1050, time remaining: 6s
Rendered 608/1050, time remaining: 6s
Rendered 609/1050, time remaining: 6s
Rendered 610/1050, time remaining: 6s
Rendered 611/1050, time remaining: 6s
Rendered 612/1050, time remaining: 6s
Rendered 613/1050, time remaining: 6s
Rendered 614/1050, time remaining: 6s
Rendered 615/1050, time remaining: 6s
Rendered 616/1050, time remaining: 6s
Rendered 617/1050, time remaining: 6s
Rendered 618/1050, time remaining: 6s
Rendered 619/1050, time remaining: 6s
Rendered 620/1050, time remaining: 6s
Rendered 621/1050, time remaining: 6s
Rendered 622/1050, time remaining: 6s
Rendered 623/1050, time remaining: 6s
Rendered 624/1050, time remaining: 6s
Rendered 625/1050, time remaining: 6s
Rendered 626/1050, time remaining: 6s
Rendered 627/1050, time remaining: 6s
Rendered 628/1050, time remaining: 6s
Rendered 629/1050, time remaining: 6s
Rendered 630/1050, time remaining: 6s
Rendered 631/1050, time remaining: 6s
Rendered 632/1050, time remaining: 6s
Rendered 633/1050, time remaining: 6s
Rendered 634/1050, time remaining: 6s
Rendered 635/1050, time remaining: 6s
Rendered 636/1050, time remaining: 6s
Rendered 637/1050, time remaining: 6s
Rendered 638/1050, time remaining: 6s
Rendered 639/1050, time remaining: 6s
Rendered 640/1050, time remaining: 6s
Rendered 641/1050, time remaining: 6s
Rendered 642/1050, time remaining: 6s
Rendered 643/1050, time remaining: 6s
Rendered 644/1050, time remaining: 6s
Rendered 645/1050, time remaining: 6s
Rendered 646/1050, time remaining: 6s
Rendered 647/1050, time remaining: 6s
Rendered 648/1050, time remaining: 6s
Rendered 649/1050, time remaining: 6s
Rendered 650/1050, time remaining: 6s
Rendered 651/1050, time remaining: 6s
Rendered 652/1050, time remaining: 6s
Rendered 653/1050, time remaining: 6s
Rendered 654/1050, time remaining: 6s
Rendered 655/1050, time remaining: 6s
Rendered 656/1050, time remaining: 6s
Rendered 657/1050, time remaining: 6s
Rendered 658/1050, time remaining: 6s
Rendered 659/1050, time remaining: 6s
Rendered 660/1050, time remaining: 6s
Rendered 661/1050, time remaining: 6s
Rendered 662/1050, time remaining: 6s
Rendered 663/1050, time remaining: 6s
Rendered 664/1050, time remaining: 6s
Rendered 665/1050, time remaining: 6s
Rendered 666/1050, time remaining: 6s
Rendered 667/1050, time remaining: 6s
Rendered 668/1050, time remaining: 6s
Rendered 669/1050, time remaining: 6s
Rendered 670/1050, time remaining: 6s
Rendered 671/1050, time remaining: 5s
Rendered 672/1050, time remaining: 5s
Rendered 673/1050, time remaining: 5s
Rendered 674/1050, time remaining: 5s
Rendered 675/1050, time remaining: 5s
Rendered 676/1050, time remaining: 5s
Rendered 677/1050, time remaining: 5s
Rendered 678/1050, time remaining: 5s
Rendered 679/1050, time remaining: 5s
Rendered 680/1050, time remaining: 5s
Rendered 681/1050, time remaining: 5s
Rendered 682/1050, time remaining: 5s
Rendered 683/1050, time remaining: 5s
Rendered 684/1050, time remaining: 5s
Rendered 685/1050, time remaining: 5s
Rendered 686/1050, time remaining: 5s
Rendered 687/1050, time remaining: 5s
Rendered 688/1050, time remaining: 5s
Rendered 689/1050, time remaining: 5s
Rendered 690/1050, time remaining: 5s
Rendered 691/1050, time remaining: 5s
Rendered 692/1050, time remaining: 5s
Rendered 693/1050, time remaining: 5s
Rendered 694/1050, time remaining: 5s
Rendered 695/1050, time remaining: 5s
Rendered 696/1050, time remaining: 5s
Rendered 697/1050, time remaining: 5s
Rendered 698/1050, time remaining: 5s
Rendered 699/1050, time remaining: 5s
Rendered 700/1050, time remaining: 5s
Rendered 701/1050, time remaining: 5s
Rendered 702/1050, time remaining: 5s
Rendered 703/1050, time remaining: 5s
Rendered 704/1050, time remaining: 5s
Rendered 705/1050, time remaining: 5s
Rendered 706/1050, time remaining: 5s
Rendered 707/1050, time remaining: 5s
Rendered 708/1050, time remaining: 5s
Rendered 709/1050, time remaining: 5s
Rendered 710/1050, time remaining: 5s
Rendered 711/1050, time remaining: 5s
Rendered 712/1050, time remaining: 5s
Rendered 713/1050, time remaining: 5s
Rendered 714/1050, time remaining: 5s
Rendered 715/1050, time remaining: 5s
Rendered 716/1050, time remaining: 5s
Rendered 717/1050, time remaining: 5s
Rendered 718/1050, time remaining: 5s
Rendered 719/1050, time remaining: 5s
Rendered 720/1050, time remaining: 5s
Rendered 721/1050, time remaining: 5s
Rendered 722/1050, time remaining: 5s
Rendered 723/1050, time remaining: 5s
Rendered 724/1050, time remaining: 5s
Rendered 725/1050, time remaining: 5s
Rendered 726/1050, time remaining: 5s
Rendered 727/1050, time remaining: 5s
Rendered 728/1050, time remaining: 5s
Rendered 729/1050, time remaining: 5s
Rendered 730/1050, time remaining: 4s
Rendered 731/1050, time remaining: 4s
Rendered 732/1050, time remaining: 4s
Rendered 733/1050, time remaining: 4s
Rendered 734/1050, time remaining: 4s
Rendered 735/1050, time remaining: 4s
Rendered 736/1050, time remaining: 4s
Rendered 737/1050, time remaining: 4s
Rendered 738/1050, time remaining: 4s
Rendered 739/1050, time remaining: 4s
Rendered 740/1050, time remaining: 4s
Rendered 741/1050, time remaining: 4s
Rendered 742/1050, time remaining: 4s
Rendered 743/1050, time remaining: 4s
Rendered 744/1050, time remaining: 4s
Rendered 745/1050, time remaining: 4s
Rendered 746/1050, time remaining: 4s
Rendered 747/1050, time remaining: 4s
Rendered 748/1050, time remaining: 4s
Rendered 749/1050, time remaining: 4s
Rendered 750/1050, time remaining: 4s
Rendered 751/1050, time remaining: 4s
Rendered 752/1050, time remaining: 4s
Rendered 753/1050, time remaining: 4s
Rendered 754/1050, time remaining: 4s
Rendered 755/1050, time remaining: 4s
Rendered 756/1050, time remaining: 4s
Rendered 757/1050, time remaining: 4s
Rendered 758/1050, time remaining: 4s
Rendered 759/1050, time remaining: 4s
Rendered 760/1050, time remaining: 4s
Rendered 761/1050, time remaining: 4s
Rendered 762/1050, time remaining: 4s
Rendered 763/1050, time remaining: 4s
Rendered 764/1050, time remaining: 4s
Rendered 765/1050, time remaining: 4s
Rendered 766/1050, time remaining: 4s
Rendered 767/1050, time remaining: 4s
Rendered 768/1050, time remaining: 4s
Rendered 769/1050, time remaining: 4s
Rendered 770/1050, time remaining: 4s
Rendered 771/1050, time remaining: 4s
Rendered 772/1050, time remaining: 4s
Rendered 773/1050, time remaining: 4s
Rendered 774/1050, time remaining: 4s
Rendered 775/1050, time remaining: 4s
Rendered 776/1050, time remaining: 4s
Rendered 777/1050, time remaining: 4s
Rendered 778/1050, time remaining: 4s
Rendered 779/1050, time remaining: 4s
Rendered 780/1050, time remaining: 4s
Rendered 781/1050, time remaining: 4s
Rendered 782/1050, time remaining: 4s
Rendered 783/1050, time remaining: 4s
Rendered 784/1050, time remaining: 4s
Rendered 785/1050, time remaining: 4s
Rendered 786/1050, time remaining: 4s
Rendered 787/1050, time remaining: 4s
Rendered 788/1050, time remaining: 4s
Rendered 789/1050, time remaining: 4s
Rendered 790/1050, time remaining: 4s
Rendered 791/1050, time remaining: 4s
Rendered 792/1050, time remaining: 4s
Rendered 793/1050, time remaining: 4s
Rendered 794/1050, time remaining: 4s
Rendered 795/1050, time remaining: 4s
Rendered 796/1050, time remaining: 4s
Rendered 797/1050, time remaining: 4s
Rendered 798/1050, time remaining: 4s
Rendered 799/1050, time remaining: 4s
Rendered 800/1050, time remaining: 4s
Rendered 801/1050, time remaining: 4s
Rendered 802/1050, time remaining: 4s
Rendered 803/1050, time remaining: 4s
Rendered 804/1050, time remaining: 4s
Rendered 805/1050, time remaining: 4s
Rendered 806/1050, time remaining: 4s
Rendered 807/1050, time remaining: 4s
Rendered 808/1050, time remaining: 4s
Rendered 809/1050, time remaining: 4s
Rendered 810/1050, time remaining: 4s
Rendered 811/1050, time remaining: 4s
Rendered 812/1050, time remaining: 4s
Rendered 813/1050, time remaining: 4s
Rendered 814/1050, time remaining: 4s
Rendered 815/1050, time remaining: 4s
Rendered 816/1050, time remaining: 4s
Rendered 817/1050, time remaining: 4s
Rendered 818/1050, time remaining: 4s
Rendered 819/1050, time remaining: 4s
Rendered 820/1050, time remaining: 4s
Rendered 821/1050, time remaining: 4s
Rendered 822/1050, time remaining: 3s
Rendered 823/1050, time remaining: 4s
Rendered 824/1050, time remaining: 3s
Rendered 825/1050, time remaining: 3s
Rendered 826/1050, time remaining: 3s
Rendered 827/1050, time remaining: 3s
Rendered 828/1050, time remaining: 3s
Rendered 829/1050, time remaining: 3s
Rendered 830/1050, time remaining: 3s
Rendered 831/1050, time remaining: 3s
Rendered 832/1050, time remaining: 3s
Rendered 833/1050, time remaining: 3s
Rendered 834/1050, time remaining: 3s
Rendered 835/1050, time remaining: 3s
Rendered 836/1050, time remaining: 3s
Rendered 837/1050, time remaining: 3s
Rendered 838/1050, time remaining: 3s
Rendered 839/1050, time remaining: 3s
Rendered 840/1050, time remaining: 3s
Rendered 841/1050, time remaining: 3s
Rendered 842/1050, time remaining: 3s
Rendered 843/1050, time remaining: 3s
Rendered 844/1050, time remaining: 3s
Rendered 845/1050, time remaining: 3s
Rendered 846/1050, time remaining: 3s
Rendered 847/1050, time remaining: 3s
Rendered 848/1050, time remaining: 3s
Rendered 849/1050, time remaining: 3s
Rendered 850/1050, time remaining: 3s
Rendered 851/1050, time remaining: 3s
Rendered 852/1050, time remaining: 3s
Rendered 853/1050, time remaining: 3s
Rendered 854/1050, time remaining: 3s
Rendered 855/1050, time remaining: 3s
Rendered 856/1050, time remaining: 3s
Rendered 857/1050, time remaining: 3s
Rendered 858/1050, time remaining: 3s
Rendered 859/1050, time remaining: 3s
Rendered 860/1050, time remaining: 3s
Rendered 861/1050, time remaining: 3s
Rendered 862/1050, time remaining: 3s
Rendered 863/1050, time remaining: 3s
Rendered 864/1050, time remaining: 3s
Rendered 865/1050, time remaining: 3s
Rendered 866/1050, time remaining: 3s
Rendered 867/1050, time remaining: 3s
Rendered 868/1050, time remaining: 3s
Rendered 869/1050, time remaining: 3s
Rendered 870/1050, time remaining: 3s
Rendered 871/1050, time remaining: 3s
Rendered 872/1050, time remaining: 3s
Rendered 873/1050, time remaining: 3s
Rendered 874/1050, time remaining: 3s
Rendered 875/1050, time remaining: 3s
Rendered 876/1050, time remaining: 3s
Rendered 877/1050, time remaining: 3s
Rendered 878/1050, time remaining: 3s
Rendered 879/1050, time remaining: 3s
Rendered 880/1050, time remaining: 3s
Rendered 881/1050, time remaining: 3s
Rendered 882/1050, time remaining: 3s
Rendered 883/1050, time remaining: 3s
Rendered 884/1050, time remaining: 3s
Rendered 885/1050, time remaining: 3s
Rendered 886/1050, time remaining: 3s
Rendered 887/1050, time remaining: 3s
Rendered 888/1050, time remaining: 3s
Rendered 889/1050, time remaining: 3s
Rendered 890/1050, time remaining: 3s
Rendered 891/1050, time remaining: 3s
Rendered 892/1050, time remaining: 2s
Rendered 893/1050, time remaining: 2s
Rendered 894/1050, time remaining: 2s
Rendered 895/1050, time remaining: 2s
Rendered 896/1050, time remaining: 2s
Rendered 897/1050, time remaining: 2s
Rendered 898/1050, time remaining: 2s
Rendered 899/1050, time remaining: 2s
Rendered 900/1050, time remaining: 2s
Rendered 901/1050, time remaining: 2s
Rendered 902/1050, time remaining: 2s
Rendered 903/1050, time remaining: 2s
Rendered 904/1050, time remaining: 2s
Rendered 905/1050, time remaining: 2s
Rendered 906/1050, time remaining: 2s
Rendered 907/1050, time remaining: 2s
Rendered 908/1050, time remaining: 2s
Rendered 909/1050, time remaining: 2s
Rendered 910/1050, time remaining: 2s
Rendered 911/1050, time remaining: 2s
Rendered 912/1050, time remaining: 2s
Rendered 913/1050, time remaining: 2s
Rendered 914/1050, time remaining: 2s
Rendered 915/1050, time remaining: 2s
Rendered 916/1050, time remaining: 2s
Rendered 917/1050, time remaining: 2s
Rendered 918/1050, time remaining: 2s
Rendered 919/1050, time remaining: 2s
Rendered 920/1050, time remaining: 2s
Rendered 921/1050, time remaining: 2s
Rendered 922/1050, time remaining: 2s
Rendered 923/1050, time remaining: 2s
Rendered 924/1050, time remaining: 2s
Rendered 925/1050, time remaining: 2s
Rendered 926/1050, time remaining: 2s
Rendered 927/1050, time remaining: 2s
Rendered 928/1050, time remaining: 2s
Rendered 929/1050, time remaining: 2s
Rendered 930/1050, time remaining: 2s
Rendered 931/1050, time remaining: 2s
Rendered 932/1050, time remaining: 2s
Rendered 933/1050, time remaining: 2s
Rendered 934/1050, time remaining: 2s
Rendered 935/1050, time remaining: 2s
Rendered 936/1050, time remaining: 2s
Rendered 937/1050, time remaining: 2s
Rendered 938/1050, time remaining: 2s
Rendered 939/1050, time remaining: 2s
Rendered 940/1050, time remaining: 2s
Rendered 941/1050, time remaining: 2s
Rendered 942/1050, time remaining: 1s
Rendered 943/1050, time remaining: 1s
Rendered 944/1050, time remaining: 1s
Rendered 945/1050, time remaining: 1s
Rendered 946/1050, time remaining: 1s
Rendered 947/1050, time remaining: 1s
Rendered 948/1050, time remaining: 1s
Rendered 949/1050, time remaining: 1s
Rendered 950/1050, time remaining: 1s
Rendered 951/1050, time remaining: 1s
Rendered 952/1050, time remaining: 1s
Rendered 953/1050, time remaining: 1s
Rendered 954/1050, time remaining: 1s
Rendered 955/1050, time remaining: 1s
Rendered 956/1050, time remaining: 1s
Rendered 957/1050, time remaining: 1s
Rendered 958/1050, time remaining: 1s
Rendered 959/1050, time remaining: 1s
Rendered 960/1050, time remaining: 1s
Rendered 961/1050, time remaining: 1s
Rendered 962/1050, time remaining: 1s
Rendered 963/1050, time remaining: 1s
Rendered 964/1050, time remaining: 1s
Rendered 965/1050, time remaining: 1s
Rendered 966/1050, time remaining: 1s
Rendered 967/1050, time remaining: 1s
Rendered 968/1050, time remaining: 1s
Rendered 969/1050, time remaining: 1s
Rendered 970/1050, time remaining: 1s
Rendered 971/1050, time remaining: 1s
Rendered 972/1050, time remaining: 1s
Rendered 973/1050, time remaining: 1s
Rendered 974/1050, time remaining: 1s
Rendered 975/1050, time remaining: 1s
Rendered 976/1050, time remaining: 1s
Rendered 977/1050, time remaining: 1s
Rendered 978/1050, time remaining: 1s
Rendered 979/1050, time remaining: 1s
Rendered 980/1050, time remaining: 1s
Rendered 981/1050, time remaining: 1s
Rendered 982/1050, time remaining: 1s
Rendered 983/1050, time remaining: 1s
Rendered 984/1050, time remaining: 1s
Rendered 985/1050, time remaining: 1s
Rendered 986/1050, time remaining: 1s
Rendered 987/1050, time remaining: 1s
Rendered 988/1050, time remaining: 1s
Rendered 989/1050, time remaining: 1s
Rendered 990/1050, time remaining: 1s
Rendered 991/1050, time remaining: 1s
Rendered 992/1050, time remaining: 1s
Rendered 993/1050, time remaining: 1s
Rendered 994/1050, time remaining: 1s
Rendered 995/1050, time remaining: 1s
Rendered 996/1050, time remaining: 0s
Rendered 997/1050, time remaining: 0s
Rendered 998/1050, time remaining: 0s
Rendered 999/1050, time remaining: 0s
Rendered 1000/1050, time remaining: 0s
Rendered 1001/1050, time remaining: 0s
Rendered 1002/1050, time remaining: 0s
Rendered 1003/1050, time remaining: 0s
Rendered 1004/1050, time remaining: 0s
Rendered 1005/1050, time remaining: 0s
Rendered 1006/1050, time remaining: 0s
Rendered 1007/1050, time remaining: 0s
Rendered 1008/1050, time remaining: 0s
Rendered 1009/1050, time remaining: 0s
Rendered 1010/1050, time remaining: 0s
Rendered 1011/1050, time remaining: 0s
Rendered 1012/1050, time remaining: 0s
Rendered 1013/1050, time remaining: 0s
Rendered 1014/1050, time remaining: 0s
Rendered 1015/1050, time remaining: 0s
Rendered 1016/1050, time remaining: 0s
Rendered 1017/1050, time remaining: 0s
Rendered 1018/1050, time remaining: 0s
Rendered 1019/1050, time remaining: 0s
Rendered 1020/1050, time remaining: 0s
Rendered 1021/1050, time remaining: 0s
Rendered 1022/1050, time remaining: 0s
Rendered 1023/1050, time remaining: 0s
Rendered 1024/1050, time remaining: 0s
Rendered 1025/1050, time remaining: 0s
Rendered 1026/1050, time remaining: 0s
Rendered 1027/1050, time remaining: 0s
Rendered 1028/1050, time remaining: 0s
Rendered 1029/1050, time remaining: 0s
Rendered 1030/1050, time remaining: 0s
Rendered 1031/1050, time remaining: 0s
Rendered 1032/1050, time remaining: 0s
Rendered 1033/1050, time remaining: 0s
Rendered 1034/1050, time remaining: 0s
Rendered 1035/1050, time remaining: 0s
Rendered 1036/1050, time remaining: 0s
Rendered 1037/1050, time remaining: 0s
Rendered 1038/1050, time remaining: 0s
Rendered 1039/1050, time remaining: 0s
Rendered 1040/1050, time remaining: 0s
Rendered 1041/1050, time remaining: 0s
Rendered 1042/1050, time remaining: 0s
Rendered 1043/1050, time remaining: 0s
Rendered 1044/1050, time remaining: 0s
Rendered 1045/1050, time remaining: 0s
Rendered 1046/1050, time remaining: 0s
Rendered 1047/1050, time remaining: 0s
Rendered 1048/1050, time remaining: 0s
Rendered 1049/1050, time remaining: 0s
Rendered 1050/1050
Encoded 121/1050
Encoded 231/1050
Encoded 332/1050
Encoded 416/1050
Encoded 528/1050
Encoded 590/1050
Encoded 660/1050
Encoded 750/1050
Encoded 833/1050
Encoded 918/1050
Encoded 1050/1050
+                    out/marble-ad.mp4 12.7 MB
RENDER_EXIT=0 at Thu May 28 19:42:56 PDT 2026
